
> n8n-mcp@2.8.3 test
> vitest --coverage --reporter=json tests/unit/http-server-n8n-mode.test.ts

{"numTotalTestSuites":8,"numPassedTestSuites":8,"numFailedTestSuites":0,"numPendingTestSuites":0,"numTotalTests":13,"numPassedTests":13,"numFailedTests":0,"numPendingTests":0,"numTodoTests":0,"snapshot":{"added":0,"failure":false,"filesAdded":0,"filesRemoved":0,"filesRemovedList":[],"filesUnmatched":0,"filesUpdated":0,"matched":0,"total":0,"unchecked":0,"uncheckedKeysByFile":[],"unmatched":0,"updated":0,"didUpdate":false},"startTime":1754029196060,"success":true,"testResults":[{"assertionResults":[{"ancestorTitles":["HTTP Server n8n Mode","Protocol Version Endpoint (GET /mcp)"],"fullName":"HTTP Server n8n Mode Protocol Version Endpoint (GET /mcp) should return standard response when N8N_MODE is not set","status":"passed","title":"should return standard response when N8N_MODE is not set","duration":3.871874999999932,"failureMessages":[],"meta":{}},{"ancestorTitles":["HTTP Server n8n Mode","Protocol Version Endpoint (GET /mcp)"],"fullName":"HTTP Server n8n Mode Protocol Version Endpoint (GET /mcp) should return protocol version when N8N_MODE=true","status":"passed","title":"should return protocol version when N8N_MODE=true","duration":0.7068749999999682,"failureMessages":[],"meta":{}},{"ancestorTitles":["HTTP Server n8n Mode","Session ID Header (POST /mcp)"],"fullName":"HTTP Server n8n Mode Session ID Header (POST /mcp) should handle POST request when N8N_MODE is not set","status":"passed","title":"should handle POST request when N8N_MODE is not set","duration":0.788167000000044,"failureMessages":[],"meta":{}},{"ancestorTitles":["HTTP Server n8n Mode","Session ID Header (POST /mcp)"],"fullName":"HTTP Server n8n Mode Session ID Header (POST /mcp) should handle POST request when N8N_MODE=true","status":"passed","title":"should handle POST request when N8N_MODE=true","duration":0.5896659999999656,"failureMessages":[],"meta":{}},{"ancestorTitles":["HTTP Server n8n Mode","Error Response Format"],"fullName":"HTTP Server n8n Mode Error Response Format should use JSON-RPC error format for auth errors","status":"passed","title":"should use JSON-RPC error format for auth errors","duration":1.0233749999999873,"failureMessages":[],"meta":{}},{"ancestorTitles":["HTTP Server n8n Mode","Error Response Format"],"fullName":"HTTP Server n8n Mode Error Response Format should handle invalid auth token","status":"passed","title":"should handle invalid auth token","duration":0.9302089999999907,"failureMessages":[],"meta":{}},{"ancestorTitles":["HTTP Server n8n Mode","Error Response Format"],"fullName":"HTTP Server n8n Mode Error Response Format should handle invalid auth header format","status":"passed","title":"should handle invalid auth header format","duration":0.7190409999999474,"failureMessages":[],"meta":{}},{"ancestorTitles":["HTTP Server n8n Mode","Normal Mode Behavior"],"fullName":"HTTP Server n8n Mode Normal Mode Behavior should maintain standard behavior for health endpoint","status":"passed","title":"should maintain standard behavior for health endpoint","duration":2.9954170000000886,"failureMessages":[],"meta":{}},{"ancestorTitles":["HTTP Server n8n Mode","Normal Mode Behavior"],"fullName":"HTTP Server n8n Mode Normal Mode Behavior should maintain standard behavior for root endpoint","status":"passed","title":"should maintain standard behavior for root endpoint","duration":1.6212920000000395,"failureMessages":[],"meta":{}},{"ancestorTitles":["HTTP Server n8n Mode","Edge Cases"],"fullName":"HTTP Server n8n Mode Edge Cases should handle N8N_MODE with various values","status":"passed","title":"should handle N8N_MODE with various values","duration":1.9293329999999287,"failureMessages":[],"meta":{}},{"ancestorTitles":["HTTP Server n8n Mode","Edge Cases"],"fullName":"HTTP Server n8n Mode Edge Cases should handle OPTIONS requests for CORS","status":"passed","title":"should handle OPTIONS requests for CORS","duration":3.338166000000001,"failureMessages":[],"meta":{}},{"ancestorTitles":["HTTP Server n8n Mode","Edge Cases"],"fullName":"HTTP Server n8n Mode Edge Cases should validate session info methods","status":"passed","title":"should validate session info methods","duration":1.225500000000011,"failureMessages":[],"meta":{}},{"ancestorTitles":["HTTP Server n8n Mode","404 Handler"],"fullName":"HTTP Server n8n Mode 404 Handler should handle 404 errors correctly","status":"passed","title":"should handle 404 errors correctly","duration":1.538915999999972,"failureMessages":[],"meta":{}}],"startTime":1754029196441,"endTime":1754029196462.5388,"status":"passed","message":"","name":"/Users/romualdczlonkowski/Pliki/n8n-mcp/n8n-mcp/tests/unit/http-server-n8n-mode.test.ts"}],"coverageMap":{"/Users/romualdczlonkowski/Pliki/n8n-mcp/n8n-mcp/src/http-server-single-session.ts":{"path":"/Users/romualdczlonkowski/Pliki/n8n-mcp/n8n-mcp/src/http-server-single-session.ts","all":false,"statementMap":{"6":{"start":{"line":7,"column":0},"end":{"line":7,"column":30}},"7":{"start":{"line":8,"column":0},"end":{"line":8,"column":99}},"8":{"start":{"line":9,"column":0},"end":{"line":9,"column":77}},"9":{"start":{"line":10,"column":0},"end":{"line":10,"column":57}},"10":{"start":{"line":11,"column":0},"end":{"line":11,"column":57}},"11":{"start":{"line":12,"column":0},"end":{"line":12,"column":40}},"12":{"start":{"line":13,"column":0},"end":{"line":13,"column":34}},"13":{"start":{"line":14,"column":0},"end":{"line":14,"column":28}},"14":{"start":{"line":15,"column":0},"end":{"line":15,"column":92}},"15":{"start":{"line":16,"column":0},"end":{"line":16,"column":50}},"16":{"start":{"line":17,"column":0},"end":{"line":17,"column":36}},"17":{"start":{"line":18,"column":0},"end":{"line":18,"column":73}},"19":{"start":{"line":20,"column":0},"end":{"line":20,"column":16}},"22":{"start":{"line":23,"column":0},"end":{"line":23,"column":38}},"25":{"start":{"line":26,"column":0},"end":{"line":26,"column":25}},"26":{"start":{"line":27,"column":0},"end":{"line":27,"column":60}},"44":{"start":{"line":45,"column":0},"end":{"line":45,"column":38}},"46":{"start":{"line":47,"column":0},"end":{"line":47,"column":82}},"47":{"start":{"line":48,"column":0},"end":{"line":48,"column":75}},"48":{"start":{"line":49,"column":0},"end":{"line":49,"column":95}},"49":{"start":{"line":50,"column":0},"end":{"line":50,"column":72}},"50":{"start":{"line":51,"column":0},"end":{"line":51,"column":48}},"52":{"start":{"line":53,"column":0},"end":{"line":53,"column":56}},"53":{"start":{"line":54,"column":0},"end":{"line":54,"column":42}},"54":{"start":{"line":55,"column":0},"end":{"line":55,"column":53}},"56":{"start":{"line":57,"column":0},"end":{"line":57,"column":17}},"58":{"start":{"line":59,"column":0},"end":{"line":59,"column":31}},"62":{"start":{"line":63,"column":0},"end":{"line":63,"column":31}},"63":{"start":{"line":64,"column":0},"end":{"line":64,"column":3}},"68":{"start":{"line":69,"column":0},"end":{"line":69,"column":39}},"69":{"start":{"line":70,"column":0},"end":{"line":70,"column":43}},"70":{"start":{"line":71,"column":0},"end":{"line":71,"column":36}},"71":{"start":{"line":72,"column":0},"end":{"line":72,"column":33}},"73":{"start":{"line":74,"column":0},"end":{"line":74,"column":45}},"74":{"start":{"line":75,"column":0},"end":{"line":75,"column":53}},"75":{"start":{"line":76,"column":0},"end":{"line":76,"column":32}},"76":{"start":{"line":77,"column":0},"end":{"line":77,"column":53}},"77":{"start":{"line":78,"column":0},"end":{"line":78,"column":7}},"78":{"start":{"line":79,"column":0},"end":{"line":79,"column":3}},"83":{"start":{"line":84,"column":0},"end":{"line":84,"column":42}},"84":{"start":{"line":85,"column":0},"end":{"line":85,"column":27}},"85":{"start":{"line":86,"column":0},"end":{"line":86,"column":41}},"88":{"start":{"line":89,"column":0},"end":{"line":89,"column":51}},"89":{"start":{"line":90,"column":0},"end":{"line":90,"column":55}},"90":{"start":{"line":91,"column":0},"end":{"line":91,"column":70}},"91":{"start":{"line":92,"column":0},"end":{"line":92,"column":40}},"92":{"start":{"line":93,"column":0},"end":{"line":93,"column":7}},"93":{"start":{"line":94,"column":0},"end":{"line":94,"column":5}},"96":{"start":{"line":97,"column":0},"end":{"line":97,"column":46}},"97":{"start":{"line":98,"column":0},"end":{"line":98,"column":47}},"98":{"start":{"line":99,"column":0},"end":{"line":99,"column":5}},"100":{"start":{"line":101,"column":0},"end":{"line":101,"column":37}},"101":{"start":{"line":102,"column":0},"end":{"line":102,"column":51}},"102":{"start":{"line":103,"column":0},"end":{"line":103,"column":40}},"103":{"start":{"line":104,"column":0},"end":{"line":104,"column":47}},"104":{"start":{"line":105,"column":0},"end":{"line":105,"column":9}},"105":{"start":{"line":106,"column":0},"end":{"line":106,"column":5}},"106":{"start":{"line":107,"column":0},"end":{"line":107,"column":3}},"111":{"start":{"line":112,"column":0},"end":{"line":112,"column":81}},"112":{"start":{"line":113,"column":0},"end":{"line":113,"column":9}},"114":{"start":{"line":115,"column":0},"end":{"line":115,"column":39}},"115":{"start":{"line":116,"column":0},"end":{"line":116,"column":49}},"116":{"start":{"line":117,"column":0},"end":{"line":117,"column":42}},"117":{"start":{"line":118,"column":0},"end":{"line":118,"column":7}},"120":{"start":{"line":121,"column":0},"end":{"line":121,"column":37}},"121":{"start":{"line":122,"column":0},"end":{"line":122,"column":45}},"123":{"start":{"line":124,"column":0},"end":{"line":124,"column":60}},"124":{"start":{"line":125,"column":0},"end":{"line":125,"column":21}},"125":{"start":{"line":126,"column":0},"end":{"line":126,"column":74}},"126":{"start":{"line":127,"column":0},"end":{"line":127,"column":5}},"127":{"start":{"line":128,"column":0},"end":{"line":128,"column":3}},"132":{"start":{"line":133,"column":0},"end":{"line":133,"column":43}},"133":{"start":{"line":134,"column":0},"end":{"line":134,"column":47}},"134":{"start":{"line":135,"column":0},"end":{"line":135,"column":3}},"139":{"start":{"line":140,"column":0},"end":{"line":140,"column":39}},"140":{"start":{"line":141,"column":0},"end":{"line":141,"column":55}},"141":{"start":{"line":142,"column":0},"end":{"line":142,"column":3}},"146":{"start":{"line":147,"column":0},"end":{"line":147,"column":56}},"148":{"start":{"line":149,"column":0},"end":{"line":149,"column":97}},"149":{"start":{"line":150,"column":0},"end":{"line":150,"column":39}},"150":{"start":{"line":151,"column":0},"end":{"line":151,"column":3}},"155":{"start":{"line":156,"column":0},"end":{"line":156,"column":56}},"156":{"start":{"line":157,"column":0},"end":{"line":157,"column":42}},"157":{"start":{"line":158,"column":0},"end":{"line":158,"column":62}},"158":{"start":{"line":159,"column":0},"end":{"line":159,"column":5}},"159":{"start":{"line":160,"column":0},"end":{"line":160,"column":3}},"164":{"start":{"line":165,"column":0},"end":{"line":165,"column":47}},"165":{"start":{"line":166,"column":0},"end":{"line":166,"column":27}},"166":{"start":{"line":167,"column":0},"end":{"line":167,"column":25}},"168":{"start":{"line":169,"column":0},"end":{"line":169,"column":51}},"169":{"start":{"line":170,"column":0},"end":{"line":170,"column":55}},"170":{"start":{"line":171,"column":0},"end":{"line":171,"column":70}},"171":{"start":{"line":172,"column":0},"end":{"line":172,"column":23}},"172":{"start":{"line":173,"column":0},"end":{"line":173,"column":7}},"173":{"start":{"line":174,"column":0},"end":{"line":174,"column":5}},"175":{"start":{"line":176,"column":0},"end":{"line":176,"column":12}},"176":{"start":{"line":177,"column":0},"end":{"line":177,"column":62}},"177":{"start":{"line":178,"column":0},"end":{"line":178,"column":51}},"178":{"start":{"line":179,"column":0},"end":{"line":179,"column":36}},"179":{"start":{"line":180,"column":0},"end":{"line":180,"column":29}},"180":{"start":{"line":181,"column":0},"end":{"line":181,"column":6}},"181":{"start":{"line":182,"column":0},"end":{"line":182,"column":3}},"186":{"start":{"line":187,"column":0},"end":{"line":187,"column":42}},"188":{"start":{"line":189,"column":0},"end":{"line":189,"column":33}},"189":{"start":{"line":190,"column":0},"end":{"line":190,"column":64}},"190":{"start":{"line":191,"column":0},"end":{"line":191,"column":36}},"191":{"start":{"line":192,"column":0},"end":{"line":192,"column":5}},"194":{"start":{"line":195,"column":0},"end":{"line":195,"column":38}},"195":{"start":{"line":196,"column":0},"end":{"line":196,"column":11}},"196":{"start":{"line":197,"column":0},"end":{"line":197,"column":80}},"197":{"start":{"line":198,"column":0},"end":{"line":198,"column":83}},"198":{"start":{"line":199,"column":0},"end":{"line":199,"column":21}},"199":{"start":{"line":200,"column":0},"end":{"line":200,"column":23}},"200":{"start":{"line":201,"column":0},"end":{"line":201,"column":94}},"201":{"start":{"line":202,"column":0},"end":{"line":202,"column":95}},"202":{"start":{"line":203,"column":0},"end":{"line":203,"column":80}},"203":{"start":{"line":204,"column":0},"end":{"line":204,"column":20}},"204":{"start":{"line":205,"column":0},"end":{"line":205,"column":7}},"205":{"start":{"line":206,"column":0},"end":{"line":206,"column":5}},"207":{"start":{"line":208,"column":0},"end":{"line":208,"column":16}},"208":{"start":{"line":209,"column":0},"end":{"line":209,"column":3}},"213":{"start":{"line":214,"column":0},"end":{"line":214,"column":39}},"215":{"start":{"line":216,"column":0},"end":{"line":216,"column":42}},"217":{"start":{"line":218,"column":0},"end":{"line":218,"column":58}},"218":{"start":{"line":219,"column":0},"end":{"line":219,"column":169}},"219":{"start":{"line":220,"column":0},"end":{"line":220,"column":28}},"220":{"start":{"line":221,"column":0},"end":{"line":221,"column":31}},"221":{"start":{"line":222,"column":0},"end":{"line":222,"column":5}},"224":{"start":{"line":225,"column":0},"end":{"line":225,"column":43}},"226":{"start":{"line":227,"column":0},"end":{"line":227,"column":37}},"227":{"start":{"line":228,"column":0},"end":{"line":228,"column":78}},"228":{"start":{"line":229,"column":0},"end":{"line":229,"column":5}},"231":{"start":{"line":232,"column":0},"end":{"line":232,"column":94}},"232":{"start":{"line":233,"column":0},"end":{"line":233,"column":63}},"234":{"start":{"line":235,"column":0},"end":{"line":235,"column":25}},"235":{"start":{"line":236,"column":0},"end":{"line":236,"column":25}},"236":{"start":{"line":237,"column":0},"end":{"line":237,"column":150}},"237":{"start":{"line":238,"column":0},"end":{"line":238,"column":30}},"238":{"start":{"line":239,"column":0},"end":{"line":239,"column":57}},"239":{"start":{"line":240,"column":0},"end":{"line":240,"column":31}},"240":{"start":{"line":241,"column":0},"end":{"line":241,"column":104}},"241":{"start":{"line":242,"column":0},"end":{"line":242,"column":33}},"242":{"start":{"line":243,"column":0},"end":{"line":243,"column":7}},"244":{"start":{"line":245,"column":0},"end":{"line":245,"column":89}},"245":{"start":{"line":246,"column":0},"end":{"line":246,"column":73}},"248":{"start":{"line":249,"column":0},"end":{"line":249,"column":44}},"249":{"start":{"line":250,"column":0},"end":{"line":250,"column":50}},"250":{"start":{"line":251,"column":0},"end":{"line":251,"column":71}},"251":{"start":{"line":252,"column":0},"end":{"line":252,"column":71}},"252":{"start":{"line":253,"column":0},"end":{"line":253,"column":77}},"253":{"start":{"line":254,"column":0},"end":{"line":254,"column":7}},"254":{"start":{"line":255,"column":0},"end":{"line":255,"column":5}},"255":{"start":{"line":256,"column":0},"end":{"line":256,"column":3}},"261":{"start":{"line":262,"column":0},"end":{"line":262,"column":83}},"262":{"start":{"line":263,"column":0},"end":{"line":263,"column":33}},"265":{"start":{"line":266,"column":0},"end":{"line":266,"column":58}},"266":{"start":{"line":267,"column":0},"end":{"line":267,"column":11}},"267":{"start":{"line":268,"column":0},"end":{"line":268,"column":78}},"268":{"start":{"line":269,"column":0},"end":{"line":269,"column":78}},"271":{"start":{"line":272,"column":0},"end":{"line":272,"column":76}},"272":{"start":{"line":273,"column":0},"end":{"line":273,"column":58}},"273":{"start":{"line":274,"column":0},"end":{"line":274,"column":31}},"274":{"start":{"line":275,"column":0},"end":{"line":275,"column":29}},"275":{"start":{"line":276,"column":0},"end":{"line":276,"column":23}},"276":{"start":{"line":277,"column":0},"end":{"line":277,"column":36}},"277":{"start":{"line":278,"column":0},"end":{"line":278,"column":82}},"278":{"start":{"line":279,"column":0},"end":{"line":279,"column":59}},"279":{"start":{"line":280,"column":0},"end":{"line":280,"column":43}},"280":{"start":{"line":281,"column":0},"end":{"line":281,"column":11}},"282":{"start":{"line":283,"column":0},"end":{"line":283,"column":53}},"284":{"start":{"line":285,"column":0},"end":{"line":285,"column":27}},"286":{"start":{"line":287,"column":0},"end":{"line":287,"column":41}},"287":{"start":{"line":288,"column":0},"end":{"line":288,"column":65}},"288":{"start":{"line":289,"column":0},"end":{"line":289,"column":60}},"289":{"start":{"line":290,"column":0},"end":{"line":290,"column":39}},"290":{"start":{"line":291,"column":0},"end":{"line":291,"column":15}},"292":{"start":{"line":293,"column":0},"end":{"line":293,"column":34}},"293":{"start":{"line":294,"column":0},"end":{"line":294,"column":29}},"294":{"start":{"line":295,"column":0},"end":{"line":295,"column":22}},"295":{"start":{"line":296,"column":0},"end":{"line":296,"column":29}},"296":{"start":{"line":297,"column":0},"end":{"line":297,"column":112}},"297":{"start":{"line":298,"column":0},"end":{"line":298,"column":16}},"298":{"start":{"line":299,"column":0},"end":{"line":299,"column":38}},"299":{"start":{"line":300,"column":0},"end":{"line":300,"column":15}},"300":{"start":{"line":301,"column":0},"end":{"line":301,"column":19}},"301":{"start":{"line":302,"column":0},"end":{"line":302,"column":11}},"304":{"start":{"line":305,"column":0},"end":{"line":305,"column":86}},"306":{"start":{"line":307,"column":0},"end":{"line":307,"column":40}},"307":{"start":{"line":308,"column":0},"end":{"line":308,"column":57}},"309":{"start":{"line":310,"column":0},"end":{"line":310,"column":57}},"310":{"start":{"line":311,"column":0},"end":{"line":311,"column":51}},"311":{"start":{"line":312,"column":0},"end":{"line":312,"column":69}},"313":{"start":{"line":314,"column":0},"end":{"line":314,"column":96}},"314":{"start":{"line":315,"column":0},"end":{"line":315,"column":48}},"315":{"start":{"line":316,"column":0},"end":{"line":316,"column":17}},"316":{"start":{"line":317,"column":0},"end":{"line":317,"column":64}},"317":{"start":{"line":318,"column":0},"end":{"line":318,"column":58}},"320":{"start":{"line":321,"column":0},"end":{"line":321,"column":60}},"321":{"start":{"line":322,"column":0},"end":{"line":322,"column":39}},"322":{"start":{"line":323,"column":0},"end":{"line":323,"column":37}},"323":{"start":{"line":324,"column":0},"end":{"line":324,"column":16}},"324":{"start":{"line":325,"column":0},"end":{"line":325,"column":13}},"325":{"start":{"line":326,"column":0},"end":{"line":326,"column":13}},"328":{"start":{"line":329,"column":0},"end":{"line":329,"column":37}},"329":{"start":{"line":330,"column":0},"end":{"line":330,"column":44}},"330":{"start":{"line":331,"column":0},"end":{"line":331,"column":22}},"331":{"start":{"line":332,"column":0},"end":{"line":332,"column":94}},"332":{"start":{"line":333,"column":0},"end":{"line":333,"column":58}},"333":{"start":{"line":334,"column":0},"end":{"line":334,"column":13}},"334":{"start":{"line":335,"column":0},"end":{"line":335,"column":12}},"337":{"start":{"line":338,"column":0},"end":{"line":338,"column":75}},"338":{"start":{"line":339,"column":0},"end":{"line":339,"column":42}},"340":{"start":{"line":341,"column":0},"end":{"line":341,"column":61}},"342":{"start":{"line":343,"column":0},"end":{"line":343,"column":50}},"343":{"start":{"line":344,"column":0},"end":{"line":344,"column":83}},"344":{"start":{"line":345,"column":0},"end":{"line":345,"column":34}},"345":{"start":{"line":346,"column":0},"end":{"line":346,"column":29}},"346":{"start":{"line":347,"column":0},"end":{"line":347,"column":22}},"347":{"start":{"line":348,"column":0},"end":{"line":348,"column":29}},"348":{"start":{"line":349,"column":0},"end":{"line":349,"column":52}},"349":{"start":{"line":350,"column":0},"end":{"line":350,"column":16}},"350":{"start":{"line":351,"column":0},"end":{"line":351,"column":38}},"351":{"start":{"line":352,"column":0},"end":{"line":352,"column":15}},"352":{"start":{"line":353,"column":0},"end":{"line":353,"column":19}},"353":{"start":{"line":354,"column":0},"end":{"line":354,"column":11}},"356":{"start":{"line":357,"column":0},"end":{"line":357,"column":94}},"357":{"start":{"line":358,"column":0},"end":{"line":358,"column":49}},"360":{"start":{"line":361,"column":0},"end":{"line":361,"column":46}},"362":{"start":{"line":363,"column":0},"end":{"line":363,"column":16}},"364":{"start":{"line":365,"column":0},"end":{"line":365,"column":32}},"365":{"start":{"line":366,"column":0},"end":{"line":366,"column":38}},"366":{"start":{"line":367,"column":0},"end":{"line":367,"column":39}},"367":{"start":{"line":368,"column":0},"end":{"line":368,"column":81}},"368":{"start":{"line":369,"column":0},"end":{"line":369,"column":75}},"369":{"start":{"line":370,"column":0},"end":{"line":370,"column":12}},"371":{"start":{"line":372,"column":0},"end":{"line":372,"column":105}},"373":{"start":{"line":374,"column":0},"end":{"line":374,"column":103}},"374":{"start":{"line":375,"column":0},"end":{"line":375,"column":63}},"375":{"start":{"line":376,"column":0},"end":{"line":376,"column":68}},"376":{"start":{"line":377,"column":0},"end":{"line":377,"column":64}},"377":{"start":{"line":378,"column":0},"end":{"line":378,"column":71}},"378":{"start":{"line":379,"column":0},"end":{"line":379,"column":11}},"380":{"start":{"line":381,"column":0},"end":{"line":381,"column":32}},"381":{"start":{"line":382,"column":0},"end":{"line":382,"column":27}},"382":{"start":{"line":383,"column":0},"end":{"line":383,"column":20}},"383":{"start":{"line":384,"column":0},"end":{"line":384,"column":27}},"384":{"start":{"line":385,"column":0},"end":{"line":385,"column":35}},"385":{"start":{"line":386,"column":0},"end":{"line":386,"column":14}},"386":{"start":{"line":387,"column":0},"end":{"line":387,"column":36}},"387":{"start":{"line":388,"column":0},"end":{"line":388,"column":13}},"388":{"start":{"line":389,"column":0},"end":{"line":389,"column":17}},"389":{"start":{"line":390,"column":0},"end":{"line":390,"column":9}},"392":{"start":{"line":393,"column":0},"end":{"line":393,"column":72}},"393":{"start":{"line":394,"column":0},"end":{"line":394,"column":54}},"394":{"start":{"line":395,"column":0},"end":{"line":395,"column":23}},"395":{"start":{"line":396,"column":0},"end":{"line":396,"column":11}},"396":{"start":{"line":397,"column":0},"end":{"line":397,"column":58}},"398":{"start":{"line":399,"column":0},"end":{"line":399,"column":48}},"399":{"start":{"line":400,"column":0},"end":{"line":400,"column":91}},"401":{"start":{"line":402,"column":0},"end":{"line":402,"column":23}},"402":{"start":{"line":403,"column":0},"end":{"line":403,"column":59}},"403":{"start":{"line":404,"column":0},"end":{"line":404,"column":64}},"404":{"start":{"line":405,"column":0},"end":{"line":405,"column":69}},"405":{"start":{"line":406,"column":0},"end":{"line":406,"column":66}},"406":{"start":{"line":407,"column":0},"end":{"line":407,"column":57}},"407":{"start":{"line":408,"column":0},"end":{"line":408,"column":27}},"408":{"start":{"line":409,"column":0},"end":{"line":409,"column":31}},"409":{"start":{"line":410,"column":0},"end":{"line":410,"column":25}},"410":{"start":{"line":411,"column":0},"end":{"line":411,"column":32}},"411":{"start":{"line":412,"column":0},"end":{"line":412,"column":52}},"412":{"start":{"line":413,"column":0},"end":{"line":413,"column":12}},"413":{"start":{"line":414,"column":0},"end":{"line":414,"column":42}},"414":{"start":{"line":415,"column":0},"end":{"line":415,"column":11}},"416":{"start":{"line":417,"column":0},"end":{"line":417,"column":31}},"417":{"start":{"line":418,"column":0},"end":{"line":418,"column":33}},"418":{"start":{"line":419,"column":0},"end":{"line":419,"column":27}},"419":{"start":{"line":420,"column":0},"end":{"line":420,"column":20}},"420":{"start":{"line":421,"column":0},"end":{"line":421,"column":27}},"421":{"start":{"line":422,"column":0},"end":{"line":422,"column":87}},"422":{"start":{"line":423,"column":0},"end":{"line":423,"column":14}},"423":{"start":{"line":424,"column":0},"end":{"line":424,"column":36}},"424":{"start":{"line":425,"column":0},"end":{"line":425,"column":13}},"425":{"start":{"line":426,"column":0},"end":{"line":426,"column":9}},"426":{"start":{"line":427,"column":0},"end":{"line":427,"column":7}},"427":{"start":{"line":428,"column":0},"end":{"line":428,"column":7}},"428":{"start":{"line":429,"column":0},"end":{"line":429,"column":3}},"434":{"start":{"line":435,"column":0},"end":{"line":435,"column":71}},"436":{"start":{"line":437,"column":0},"end":{"line":437,"column":23}},"437":{"start":{"line":438,"column":0},"end":{"line":438,"column":11}},"438":{"start":{"line":439,"column":0},"end":{"line":439,"column":95}},"439":{"start":{"line":440,"column":0},"end":{"line":440,"column":45}},"440":{"start":{"line":441,"column":0},"end":{"line":441,"column":23}},"441":{"start":{"line":442,"column":0},"end":{"line":442,"column":62}},"442":{"start":{"line":443,"column":0},"end":{"line":443,"column":7}},"443":{"start":{"line":444,"column":0},"end":{"line":444,"column":5}},"445":{"start":{"line":446,"column":0},"end":{"line":446,"column":9}},"447":{"start":{"line":448,"column":0},"end":{"line":448,"column":71}},"448":{"start":{"line":449,"column":0},"end":{"line":449,"column":53}},"451":{"start":{"line":452,"column":0},"end":{"line":452,"column":33}},"453":{"start":{"line":454,"column":0},"end":{"line":454,"column":52}},"454":{"start":{"line":455,"column":0},"end":{"line":455,"column":60}},"456":{"start":{"line":457,"column":0},"end":{"line":457,"column":59}},"457":{"start":{"line":458,"column":0},"end":{"line":458,"column":38}},"461":{"start":{"line":462,"column":0},"end":{"line":462,"column":22}},"462":{"start":{"line":463,"column":0},"end":{"line":463,"column":15}},"463":{"start":{"line":464,"column":0},"end":{"line":464,"column":18}},"464":{"start":{"line":465,"column":0},"end":{"line":465,"column":31}},"465":{"start":{"line":466,"column":0},"end":{"line":466,"column":18}},"466":{"start":{"line":467,"column":0},"end":{"line":467,"column":27}},"467":{"start":{"line":468,"column":0},"end":{"line":468,"column":19}},"468":{"start":{"line":469,"column":0},"end":{"line":469,"column":8}},"470":{"start":{"line":471,"column":0},"end":{"line":471,"column":97}},"471":{"start":{"line":472,"column":0},"end":{"line":472,"column":21}},"472":{"start":{"line":473,"column":0},"end":{"line":473,"column":59}},"473":{"start":{"line":474,"column":0},"end":{"line":474,"column":18}},"474":{"start":{"line":475,"column":0},"end":{"line":475,"column":5}},"475":{"start":{"line":476,"column":0},"end":{"line":476,"column":3}},"480":{"start":{"line":481,"column":0},"end":{"line":481,"column":32}},"481":{"start":{"line":482,"column":0},"end":{"line":482,"column":35}},"482":{"start":{"line":483,"column":0},"end":{"line":483,"column":80}},"483":{"start":{"line":484,"column":0},"end":{"line":484,"column":3}},"488":{"start":{"line":489,"column":0},"end":{"line":489,"column":32}},"489":{"start":{"line":490,"column":0},"end":{"line":490,"column":26}},"492":{"start":{"line":493,"column":0},"end":{"line":493,"column":55}},"495":{"start":{"line":496,"column":0},"end":{"line":496,"column":85}},"496":{"start":{"line":497,"column":0},"end":{"line":497,"column":25}},"497":{"start":{"line":498,"column":0},"end":{"line":498,"column":41}},"498":{"start":{"line":499,"column":0},"end":{"line":499,"column":67}},"499":{"start":{"line":500,"column":0},"end":{"line":500,"column":5}},"505":{"start":{"line":506,"column":0},"end":{"line":506,"column":33}},"506":{"start":{"line":507,"column":0},"end":{"line":507,"column":57}},"507":{"start":{"line":508,"column":0},"end":{"line":508,"column":47}},"508":{"start":{"line":509,"column":0},"end":{"line":509,"column":57}},"509":{"start":{"line":510,"column":0},"end":{"line":510,"column":88}},"510":{"start":{"line":511,"column":0},"end":{"line":511,"column":13}},"511":{"start":{"line":512,"column":0},"end":{"line":512,"column":7}},"514":{"start":{"line":515,"column":0},"end":{"line":515,"column":33}},"515":{"start":{"line":516,"column":0},"end":{"line":516,"column":59}},"516":{"start":{"line":517,"column":0},"end":{"line":517,"column":66}},"517":{"start":{"line":518,"column":0},"end":{"line":518,"column":82}},"518":{"start":{"line":519,"column":0},"end":{"line":519,"column":107}},"519":{"start":{"line":520,"column":0},"end":{"line":520,"column":71}},"520":{"start":{"line":521,"column":0},"end":{"line":521,"column":55}},"522":{"start":{"line":523,"column":0},"end":{"line":523,"column":37}},"523":{"start":{"line":524,"column":0},"end":{"line":524,"column":28}},"524":{"start":{"line":525,"column":0},"end":{"line":525,"column":15}},"525":{"start":{"line":526,"column":0},"end":{"line":526,"column":7}},"526":{"start":{"line":527,"column":0},"end":{"line":527,"column":13}},"527":{"start":{"line":528,"column":0},"end":{"line":528,"column":7}},"530":{"start":{"line":531,"column":0},"end":{"line":531,"column":33}},"531":{"start":{"line":532,"column":0},"end":{"line":532,"column":48}},"532":{"start":{"line":533,"column":0},"end":{"line":533,"column":19}},"533":{"start":{"line":534,"column":0},"end":{"line":534,"column":41}},"534":{"start":{"line":535,"column":0},"end":{"line":535,"column":48}},"535":{"start":{"line":536,"column":0},"end":{"line":536,"column":9}},"536":{"start":{"line":537,"column":0},"end":{"line":537,"column":13}},"537":{"start":{"line":538,"column":0},"end":{"line":538,"column":7}},"540":{"start":{"line":541,"column":0},"end":{"line":541,"column":32}},"541":{"start":{"line":542,"column":0},"end":{"line":542,"column":56}},"542":{"start":{"line":543,"column":0},"end":{"line":543,"column":49}},"543":{"start":{"line":544,"column":0},"end":{"line":544,"column":53}},"544":{"start":{"line":545,"column":0},"end":{"line":545,"column":52}},"546":{"start":{"line":547,"column":0},"end":{"line":547,"column":16}},"547":{"start":{"line":548,"column":0},"end":{"line":548,"column":45}},"548":{"start":{"line":549,"column":0},"end":{"line":549,"column":33}},"549":{"start":{"line":550,"column":0},"end":{"line":550,"column":124}},"550":{"start":{"line":551,"column":0},"end":{"line":551,"column":20}},"551":{"start":{"line":552,"column":0},"end":{"line":552,"column":19}},"552":{"start":{"line":553,"column":0},"end":{"line":553,"column":34}},"553":{"start":{"line":554,"column":0},"end":{"line":554,"column":26}},"554":{"start":{"line":555,"column":0},"end":{"line":555,"column":62}},"555":{"start":{"line":556,"column":0},"end":{"line":556,"column":12}},"556":{"start":{"line":557,"column":0},"end":{"line":557,"column":16}},"557":{"start":{"line":558,"column":0},"end":{"line":558,"column":31}},"558":{"start":{"line":559,"column":0},"end":{"line":559,"column":31}},"559":{"start":{"line":560,"column":0},"end":{"line":560,"column":73}},"560":{"start":{"line":561,"column":0},"end":{"line":561,"column":11}},"561":{"start":{"line":562,"column":0},"end":{"line":562,"column":10}},"562":{"start":{"line":563,"column":0},"end":{"line":563,"column":25}},"563":{"start":{"line":564,"column":0},"end":{"line":564,"column":31}},"564":{"start":{"line":565,"column":0},"end":{"line":565,"column":50}},"565":{"start":{"line":566,"column":0},"end":{"line":566,"column":37}},"566":{"start":{"line":567,"column":0},"end":{"line":567,"column":10}},"567":{"start":{"line":568,"column":0},"end":{"line":568,"column":63}},"568":{"start":{"line":569,"column":0},"end":{"line":569,"column":9}},"569":{"start":{"line":570,"column":0},"end":{"line":570,"column":7}},"572":{"start":{"line":573,"column":0},"end":{"line":573,"column":38}},"573":{"start":{"line":574,"column":0},"end":{"line":574,"column":60}},"574":{"start":{"line":575,"column":0},"end":{"line":575,"column":54}},"575":{"start":{"line":576,"column":0},"end":{"line":576,"column":54}},"576":{"start":{"line":577,"column":0},"end":{"line":577,"column":65}},"577":{"start":{"line":578,"column":0},"end":{"line":578,"column":96}},"579":{"start":{"line":580,"column":0},"end":{"line":580,"column":17}},"580":{"start":{"line":581,"column":0},"end":{"line":581,"column":22}},"581":{"start":{"line":582,"column":0},"end":{"line":582,"column":39}},"582":{"start":{"line":583,"column":0},"end":{"line":583,"column":33}},"583":{"start":{"line":584,"column":0},"end":{"line":584,"column":59}},"584":{"start":{"line":585,"column":0},"end":{"line":585,"column":45}},"585":{"start":{"line":586,"column":0},"end":{"line":586,"column":19}},"586":{"start":{"line":587,"column":0},"end":{"line":587,"column":48}},"587":{"start":{"line":588,"column":0},"end":{"line":588,"column":46}},"588":{"start":{"line":589,"column":0},"end":{"line":589,"column":50}},"589":{"start":{"line":590,"column":0},"end":{"line":590,"column":28}},"590":{"start":{"line":591,"column":0},"end":{"line":591,"column":68}},"591":{"start":{"line":592,"column":0},"end":{"line":592,"column":38}},"592":{"start":{"line":593,"column":0},"end":{"line":593,"column":10}},"593":{"start":{"line":594,"column":0},"end":{"line":594,"column":19}},"594":{"start":{"line":595,"column":0},"end":{"line":595,"column":35}},"595":{"start":{"line":596,"column":0},"end":{"line":596,"column":39}},"596":{"start":{"line":597,"column":0},"end":{"line":597,"column":50}},"597":{"start":{"line":598,"column":0},"end":{"line":598,"column":10}},"598":{"start":{"line":599,"column":0},"end":{"line":599,"column":66}},"599":{"start":{"line":600,"column":0},"end":{"line":600,"column":60}},"600":{"start":{"line":601,"column":0},"end":{"line":601,"column":69}},"601":{"start":{"line":602,"column":0},"end":{"line":602,"column":17}},"602":{"start":{"line":603,"column":0},"end":{"line":603,"column":73}},"603":{"start":{"line":604,"column":0},"end":{"line":604,"column":75}},"604":{"start":{"line":605,"column":0},"end":{"line":605,"column":20}},"605":{"start":{"line":606,"column":0},"end":{"line":606,"column":10}},"606":{"start":{"line":607,"column":0},"end":{"line":607,"column":43}},"607":{"start":{"line":608,"column":0},"end":{"line":608,"column":9}},"608":{"start":{"line":609,"column":0},"end":{"line":609,"column":7}},"611":{"start":{"line":612,"column":0},"end":{"line":612,"column":109}},"612":{"start":{"line":613,"column":0},"end":{"line":613,"column":66}},"613":{"start":{"line":614,"column":0},"end":{"line":614,"column":27}},"614":{"start":{"line":615,"column":0},"end":{"line":615,"column":29}},"615":{"start":{"line":616,"column":0},"end":{"line":616,"column":23}},"616":{"start":{"line":617,"column":0},"end":{"line":617,"column":34}},"617":{"start":{"line":618,"column":0},"end":{"line":618,"column":79}},"618":{"start":{"line":619,"column":0},"end":{"line":619,"column":9}},"621":{"start":{"line":622,"column":0},"end":{"line":622,"column":28}},"622":{"start":{"line":623,"column":0},"end":{"line":623,"column":23}},"623":{"start":{"line":624,"column":0},"end":{"line":624,"column":30}},"624":{"start":{"line":625,"column":0},"end":{"line":625,"column":17}},"625":{"start":{"line":626,"column":0},"end":{"line":626,"column":44}},"626":{"start":{"line":627,"column":0},"end":{"line":627,"column":25}},"627":{"start":{"line":628,"column":0},"end":{"line":628,"column":21}},"628":{"start":{"line":629,"column":0},"end":{"line":629,"column":12}},"629":{"start":{"line":630,"column":0},"end":{"line":630,"column":23}},"630":{"start":{"line":631,"column":0},"end":{"line":631,"column":28}},"631":{"start":{"line":632,"column":0},"end":{"line":632,"column":36}},"632":{"start":{"line":633,"column":0},"end":{"line":633,"column":11}},"633":{"start":{"line":634,"column":0},"end":{"line":634,"column":9}},"634":{"start":{"line":635,"column":0},"end":{"line":635,"column":8}},"636":{"start":{"line":637,"column":0},"end":{"line":637,"column":59}},"637":{"start":{"line":638,"column":0},"end":{"line":638,"column":30}},"638":{"start":{"line":639,"column":0},"end":{"line":639,"column":9}},"640":{"start":{"line":641,"column":0},"end":{"line":641,"column":29}},"641":{"start":{"line":642,"column":0},"end":{"line":642,"column":7}},"644":{"start":{"line":645,"column":0},"end":{"line":645,"column":41}},"646":{"start":{"line":647,"column":0},"end":{"line":647,"column":76}},"647":{"start":{"line":648,"column":0},"end":{"line":648,"column":52}},"649":{"start":{"line":650,"column":0},"end":{"line":650,"column":13}},"650":{"start":{"line":651,"column":0},"end":{"line":651,"column":78}},"651":{"start":{"line":652,"column":0},"end":{"line":652,"column":17}},"652":{"start":{"line":653,"column":0},"end":{"line":653,"column":25}},"653":{"start":{"line":654,"column":0},"end":{"line":654,"column":68}},"655":{"start":{"line":656,"column":0},"end":{"line":656,"column":9}},"656":{"start":{"line":657,"column":0},"end":{"line":657,"column":7}},"659":{"start":{"line":660,"column":0},"end":{"line":660,"column":40}},"660":{"start":{"line":661,"column":0},"end":{"line":661,"column":59}},"661":{"start":{"line":662,"column":0},"end":{"line":662,"column":81}},"663":{"start":{"line":664,"column":0},"end":{"line":664,"column":13}},"665":{"start":{"line":666,"column":0},"end":{"line":666,"column":42}},"666":{"start":{"line":667,"column":0},"end":{"line":667,"column":65}},"667":{"start":{"line":668,"column":0},"end":{"line":668,"column":25}},"668":{"start":{"line":669,"column":0},"end":{"line":669,"column":69}},"669":{"start":{"line":670,"column":0},"end":{"line":670,"column":32}},"670":{"start":{"line":671,"column":0},"end":{"line":671,"column":27}},"671":{"start":{"line":672,"column":0},"end":{"line":672,"column":20}},"672":{"start":{"line":673,"column":0},"end":{"line":673,"column":27}},"673":{"start":{"line":674,"column":0},"end":{"line":674,"column":59}},"674":{"start":{"line":675,"column":0},"end":{"line":675,"column":14}},"675":{"start":{"line":676,"column":0},"end":{"line":676,"column":20}},"676":{"start":{"line":677,"column":0},"end":{"line":677,"column":13}},"677":{"start":{"line":678,"column":0},"end":{"line":678,"column":9}},"678":{"start":{"line":679,"column":0},"end":{"line":679,"column":15}},"679":{"start":{"line":680,"column":0},"end":{"line":680,"column":7}},"682":{"start":{"line":683,"column":0},"end":{"line":683,"column":44}},"683":{"start":{"line":684,"column":0},"end":{"line":684,"column":18}},"684":{"start":{"line":685,"column":0},"end":{"line":685,"column":44}},"685":{"start":{"line":686,"column":0},"end":{"line":686,"column":23}},"686":{"start":{"line":687,"column":0},"end":{"line":687,"column":28}},"687":{"start":{"line":688,"column":0},"end":{"line":688,"column":37}},"688":{"start":{"line":689,"column":0},"end":{"line":689,"column":27}},"689":{"start":{"line":690,"column":0},"end":{"line":690,"column":23}},"690":{"start":{"line":691,"column":0},"end":{"line":691,"column":13}},"691":{"start":{"line":692,"column":0},"end":{"line":692,"column":11}},"692":{"start":{"line":693,"column":0},"end":{"line":693,"column":11}},"693":{"start":{"line":694,"column":0},"end":{"line":694,"column":15}},"694":{"start":{"line":695,"column":0},"end":{"line":695,"column":7}},"697":{"start":{"line":698,"column":0},"end":{"line":698,"column":16}},"698":{"start":{"line":699,"column":0},"end":{"line":699,"column":52}},"699":{"start":{"line":700,"column":0},"end":{"line":700,"column":33}},"700":{"start":{"line":701,"column":0},"end":{"line":701,"column":20}},"701":{"start":{"line":702,"column":0},"end":{"line":702,"column":16}},"702":{"start":{"line":703,"column":0},"end":{"line":703,"column":27}},"703":{"start":{"line":704,"column":0},"end":{"line":704,"column":25}},"704":{"start":{"line":705,"column":0},"end":{"line":705,"column":54}},"705":{"start":{"line":706,"column":0},"end":{"line":706,"column":51}},"706":{"start":{"line":707,"column":0},"end":{"line":707,"column":12}},"707":{"start":{"line":708,"column":0},"end":{"line":708,"column":19}},"708":{"start":{"line":709,"column":0},"end":{"line":709,"column":26}},"709":{"start":{"line":710,"column":0},"end":{"line":710,"column":28}},"710":{"start":{"line":711,"column":0},"end":{"line":711,"column":49}},"711":{"start":{"line":712,"column":0},"end":{"line":712,"column":34}},"712":{"start":{"line":713,"column":0},"end":{"line":713,"column":12}},"713":{"start":{"line":714,"column":0},"end":{"line":714,"column":17}},"714":{"start":{"line":715,"column":0},"end":{"line":715,"column":26}},"715":{"start":{"line":716,"column":0},"end":{"line":716,"column":22}},"716":{"start":{"line":717,"column":0},"end":{"line":717,"column":43}},"717":{"start":{"line":718,"column":0},"end":{"line":718,"column":34}},"718":{"start":{"line":719,"column":0},"end":{"line":719,"column":11}},"719":{"start":{"line":720,"column":0},"end":{"line":720,"column":10}},"720":{"start":{"line":721,"column":0},"end":{"line":721,"column":63}},"721":{"start":{"line":722,"column":0},"end":{"line":722,"column":9}},"722":{"start":{"line":723,"column":0},"end":{"line":723,"column":7}},"725":{"start":{"line":726,"column":0},"end":{"line":726,"column":94}},"726":{"start":{"line":727,"column":0},"end":{"line":727,"column":67}},"728":{"start":{"line":729,"column":0},"end":{"line":729,"column":26}},"729":{"start":{"line":730,"column":0},"end":{"line":730,"column":30}},"730":{"start":{"line":731,"column":0},"end":{"line":731,"column":25}},"731":{"start":{"line":732,"column":0},"end":{"line":732,"column":18}},"732":{"start":{"line":733,"column":0},"end":{"line":733,"column":25}},"733":{"start":{"line":734,"column":0},"end":{"line":734,"column":56}},"734":{"start":{"line":735,"column":0},"end":{"line":735,"column":12}},"735":{"start":{"line":736,"column":0},"end":{"line":736,"column":18}},"736":{"start":{"line":737,"column":0},"end":{"line":737,"column":11}},"737":{"start":{"line":738,"column":0},"end":{"line":738,"column":15}},"738":{"start":{"line":739,"column":0},"end":{"line":739,"column":7}},"741":{"start":{"line":742,"column":0},"end":{"line":742,"column":49}},"742":{"start":{"line":743,"column":0},"end":{"line":743,"column":30}},"743":{"start":{"line":744,"column":0},"end":{"line":744,"column":25}},"744":{"start":{"line":745,"column":0},"end":{"line":745,"column":18}},"745":{"start":{"line":746,"column":0},"end":{"line":746,"column":25}},"746":{"start":{"line":747,"column":0},"end":{"line":747,"column":48}},"747":{"start":{"line":748,"column":0},"end":{"line":748,"column":12}},"748":{"start":{"line":749,"column":0},"end":{"line":749,"column":18}},"749":{"start":{"line":750,"column":0},"end":{"line":750,"column":11}},"750":{"start":{"line":751,"column":0},"end":{"line":751,"column":15}},"751":{"start":{"line":752,"column":0},"end":{"line":752,"column":7}},"754":{"start":{"line":755,"column":0},"end":{"line":755,"column":42}},"755":{"start":{"line":756,"column":0},"end":{"line":756,"column":91}},"756":{"start":{"line":757,"column":0},"end":{"line":757,"column":13}},"757":{"start":{"line":758,"column":0},"end":{"line":758,"column":71}},"758":{"start":{"line":759,"column":0},"end":{"line":759,"column":47}},"759":{"start":{"line":760,"column":0},"end":{"line":760,"column":25}},"760":{"start":{"line":761,"column":0},"end":{"line":761,"column":60}},"761":{"start":{"line":762,"column":0},"end":{"line":762,"column":32}},"762":{"start":{"line":763,"column":0},"end":{"line":763,"column":27}},"763":{"start":{"line":764,"column":0},"end":{"line":764,"column":20}},"764":{"start":{"line":765,"column":0},"end":{"line":765,"column":27}},"765":{"start":{"line":766,"column":0},"end":{"line":766,"column":50}},"766":{"start":{"line":767,"column":0},"end":{"line":767,"column":14}},"767":{"start":{"line":768,"column":0},"end":{"line":768,"column":20}},"768":{"start":{"line":769,"column":0},"end":{"line":769,"column":13}},"769":{"start":{"line":770,"column":0},"end":{"line":770,"column":9}},"770":{"start":{"line":771,"column":0},"end":{"line":771,"column":14}},"771":{"start":{"line":772,"column":0},"end":{"line":772,"column":30}},"772":{"start":{"line":773,"column":0},"end":{"line":773,"column":25}},"773":{"start":{"line":774,"column":0},"end":{"line":774,"column":18}},"774":{"start":{"line":775,"column":0},"end":{"line":775,"column":25}},"775":{"start":{"line":776,"column":0},"end":{"line":776,"column":40}},"776":{"start":{"line":777,"column":0},"end":{"line":777,"column":12}},"777":{"start":{"line":778,"column":0},"end":{"line":778,"column":18}},"778":{"start":{"line":779,"column":0},"end":{"line":779,"column":11}},"779":{"start":{"line":780,"column":0},"end":{"line":780,"column":7}},"780":{"start":{"line":781,"column":0},"end":{"line":781,"column":7}},"784":{"start":{"line":785,"column":0},"end":{"line":785,"column":104}},"786":{"start":{"line":787,"column":0},"end":{"line":787,"column":66}},"787":{"start":{"line":788,"column":0},"end":{"line":788,"column":29}},"788":{"start":{"line":789,"column":0},"end":{"line":789,"column":31}},"789":{"start":{"line":790,"column":0},"end":{"line":790,"column":41}},"790":{"start":{"line":791,"column":0},"end":{"line":791,"column":31}},"791":{"start":{"line":792,"column":0},"end":{"line":792,"column":34}},"792":{"start":{"line":793,"column":0},"end":{"line":793,"column":80}},"793":{"start":{"line":794,"column":0},"end":{"line":794,"column":49}},"794":{"start":{"line":795,"column":0},"end":{"line":795,"column":45}},"795":{"start":{"line":796,"column":0},"end":{"line":796,"column":41}},"796":{"start":{"line":797,"column":0},"end":{"line":797,"column":19}},"797":{"start":{"line":798,"column":0},"end":{"line":798,"column":27}},"798":{"start":{"line":799,"column":0},"end":{"line":799,"column":21}},"799":{"start":{"line":800,"column":0},"end":{"line":800,"column":36}},"800":{"start":{"line":801,"column":0},"end":{"line":801,"column":9}},"803":{"start":{"line":804,"column":0},"end":{"line":804,"column":51}},"806":{"start":{"line":807,"column":0},"end":{"line":807,"column":24}},"807":{"start":{"line":808,"column":0},"end":{"line":808,"column":77}},"808":{"start":{"line":809,"column":0},"end":{"line":809,"column":21}},"809":{"start":{"line":810,"column":0},"end":{"line":810,"column":43}},"810":{"start":{"line":811,"column":0},"end":{"line":811,"column":34}},"811":{"start":{"line":812,"column":0},"end":{"line":812,"column":11}},"812":{"start":{"line":813,"column":0},"end":{"line":813,"column":31}},"813":{"start":{"line":814,"column":0},"end":{"line":814,"column":25}},"814":{"start":{"line":815,"column":0},"end":{"line":815,"column":18}},"815":{"start":{"line":816,"column":0},"end":{"line":816,"column":25}},"816":{"start":{"line":817,"column":0},"end":{"line":817,"column":35}},"817":{"start":{"line":818,"column":0},"end":{"line":818,"column":12}},"818":{"start":{"line":819,"column":0},"end":{"line":819,"column":18}},"819":{"start":{"line":820,"column":0},"end":{"line":820,"column":11}},"820":{"start":{"line":821,"column":0},"end":{"line":821,"column":15}},"821":{"start":{"line":822,"column":0},"end":{"line":822,"column":7}},"824":{"start":{"line":825,"column":0},"end":{"line":825,"column":46}},"825":{"start":{"line":826,"column":0},"end":{"line":826,"column":108}},"826":{"start":{"line":827,"column":0},"end":{"line":827,"column":21}},"827":{"start":{"line":828,"column":0},"end":{"line":828,"column":43}},"828":{"start":{"line":829,"column":0},"end":{"line":829,"column":40}},"829":{"start":{"line":830,"column":0},"end":{"line":830,"column":125}},"830":{"start":{"line":831,"column":0},"end":{"line":831,"column":11}},"831":{"start":{"line":832,"column":0},"end":{"line":832,"column":31}},"832":{"start":{"line":833,"column":0},"end":{"line":833,"column":25}},"833":{"start":{"line":834,"column":0},"end":{"line":834,"column":18}},"834":{"start":{"line":835,"column":0},"end":{"line":835,"column":25}},"835":{"start":{"line":836,"column":0},"end":{"line":836,"column":35}},"836":{"start":{"line":837,"column":0},"end":{"line":837,"column":12}},"837":{"start":{"line":838,"column":0},"end":{"line":838,"column":18}},"838":{"start":{"line":839,"column":0},"end":{"line":839,"column":11}},"839":{"start":{"line":840,"column":0},"end":{"line":840,"column":15}},"840":{"start":{"line":841,"column":0},"end":{"line":841,"column":7}},"843":{"start":{"line":844,"column":0},"end":{"line":844,"column":47}},"846":{"start":{"line":847,"column":0},"end":{"line":847,"column":37}},"847":{"start":{"line":848,"column":0},"end":{"line":848,"column":62}},"848":{"start":{"line":849,"column":0},"end":{"line":849,"column":21}},"849":{"start":{"line":850,"column":0},"end":{"line":850,"column":43}},"850":{"start":{"line":851,"column":0},"end":{"line":851,"column":33}},"851":{"start":{"line":852,"column":0},"end":{"line":852,"column":11}},"852":{"start":{"line":853,"column":0},"end":{"line":853,"column":31}},"853":{"start":{"line":854,"column":0},"end":{"line":854,"column":25}},"854":{"start":{"line":855,"column":0},"end":{"line":855,"column":18}},"855":{"start":{"line":856,"column":0},"end":{"line":856,"column":25}},"856":{"start":{"line":857,"column":0},"end":{"line":857,"column":35}},"857":{"start":{"line":858,"column":0},"end":{"line":858,"column":12}},"858":{"start":{"line":859,"column":0},"end":{"line":859,"column":18}},"859":{"start":{"line":860,"column":0},"end":{"line":860,"column":11}},"860":{"start":{"line":861,"column":0},"end":{"line":861,"column":15}},"861":{"start":{"line":862,"column":0},"end":{"line":862,"column":7}},"864":{"start":{"line":865,"column":0},"end":{"line":865,"column":78}},"865":{"start":{"line":866,"column":0},"end":{"line":866,"column":35}},"866":{"start":{"line":867,"column":0},"end":{"line":867,"column":68}},"867":{"start":{"line":868,"column":0},"end":{"line":868,"column":53}},"868":{"start":{"line":869,"column":0},"end":{"line":869,"column":9}},"870":{"start":{"line":871,"column":0},"end":{"line":871,"column":41}},"872":{"start":{"line":873,"column":0},"end":{"line":873,"column":77}},"873":{"start":{"line":874,"column":0},"end":{"line":874,"column":45}},"874":{"start":{"line":875,"column":0},"end":{"line":875,"column":43}},"875":{"start":{"line":876,"column":0},"end":{"line":876,"column":38}},"876":{"start":{"line":877,"column":0},"end":{"line":877,"column":9}},"877":{"start":{"line":878,"column":0},"end":{"line":878,"column":7}},"880":{"start":{"line":881,"column":0},"end":{"line":881,"column":27}},"881":{"start":{"line":882,"column":0},"end":{"line":882,"column":29}},"882":{"start":{"line":883,"column":0},"end":{"line":883,"column":27}},"883":{"start":{"line":884,"column":0},"end":{"line":884,"column":51}},"884":{"start":{"line":885,"column":0},"end":{"line":885,"column":9}},"885":{"start":{"line":886,"column":0},"end":{"line":886,"column":7}},"888":{"start":{"line":889,"column":0},"end":{"line":889,"column":100}},"889":{"start":{"line":890,"column":0},"end":{"line":890,"column":50}},"891":{"start":{"line":892,"column":0},"end":{"line":892,"column":29}},"892":{"start":{"line":893,"column":0},"end":{"line":893,"column":31}},"893":{"start":{"line":894,"column":0},"end":{"line":894,"column":25}},"894":{"start":{"line":895,"column":0},"end":{"line":895,"column":18}},"895":{"start":{"line":896,"column":0},"end":{"line":896,"column":25}},"896":{"start":{"line":897,"column":0},"end":{"line":897,"column":45}},"897":{"start":{"line":898,"column":0},"end":{"line":898,"column":82}},"898":{"start":{"line":899,"column":0},"end":{"line":899,"column":12}},"899":{"start":{"line":900,"column":0},"end":{"line":900,"column":18}},"900":{"start":{"line":901,"column":0},"end":{"line":901,"column":11}},"901":{"start":{"line":902,"column":0},"end":{"line":902,"column":7}},"902":{"start":{"line":903,"column":0},"end":{"line":903,"column":7}},"904":{"start":{"line":905,"column":0},"end":{"line":905,"column":54}},"905":{"start":{"line":906,"column":0},"end":{"line":906,"column":47}},"907":{"start":{"line":908,"column":0},"end":{"line":908,"column":55}},"908":{"start":{"line":909,"column":0},"end":{"line":909,"column":65}},"909":{"start":{"line":910,"column":0},"end":{"line":910,"column":96}},"911":{"start":{"line":912,"column":0},"end":{"line":912,"column":66}},"912":{"start":{"line":913,"column":0},"end":{"line":913,"column":14}},"913":{"start":{"line":914,"column":0},"end":{"line":914,"column":14}},"914":{"start":{"line":915,"column":0},"end":{"line":915,"column":59}},"915":{"start":{"line":916,"column":0},"end":{"line":916,"column":34}},"916":{"start":{"line":917,"column":0},"end":{"line":917,"column":56}},"917":{"start":{"line":918,"column":0},"end":{"line":918,"column":33}},"918":{"start":{"line":919,"column":0},"end":{"line":919,"column":36}},"919":{"start":{"line":920,"column":0},"end":{"line":920,"column":9}},"922":{"start":{"line":923,"column":0},"end":{"line":923,"column":52}},"923":{"start":{"line":924,"column":0},"end":{"line":924,"column":52}},"925":{"start":{"line":926,"column":0},"end":{"line":926,"column":83}},"926":{"start":{"line":927,"column":0},"end":{"line":927,"column":75}},"927":{"start":{"line":928,"column":0},"end":{"line":928,"column":113}},"928":{"start":{"line":929,"column":0},"end":{"line":929,"column":55}},"929":{"start":{"line":930,"column":0},"end":{"line":930,"column":52}},"931":{"start":{"line":932,"column":0},"end":{"line":932,"column":25}},"932":{"start":{"line":933,"column":0},"end":{"line":933,"column":81}},"933":{"start":{"line":934,"column":0},"end":{"line":934,"column":14}},"934":{"start":{"line":935,"column":0},"end":{"line":935,"column":55}},"935":{"start":{"line":936,"column":0},"end":{"line":936,"column":7}},"937":{"start":{"line":938,"column":0},"end":{"line":938,"column":55}},"940":{"start":{"line":941,"column":0},"end":{"line":941,"column":44}},"941":{"start":{"line":942,"column":0},"end":{"line":942,"column":27}},"942":{"start":{"line":943,"column":0},"end":{"line":943,"column":76}},"943":{"start":{"line":944,"column":0},"end":{"line":944,"column":48}},"944":{"start":{"line":945,"column":0},"end":{"line":945,"column":92}},"945":{"start":{"line":946,"column":0},"end":{"line":946,"column":11}},"946":{"start":{"line":947,"column":0},"end":{"line":947,"column":38}},"947":{"start":{"line":948,"column":0},"end":{"line":948,"column":7}},"949":{"start":{"line":950,"column":0},"end":{"line":950,"column":59}},"950":{"start":{"line":951,"column":0},"end":{"line":951,"column":59}},"951":{"start":{"line":952,"column":0},"end":{"line":952,"column":82}},"952":{"start":{"line":953,"column":0},"end":{"line":953,"column":102}},"953":{"start":{"line":954,"column":0},"end":{"line":954,"column":7}},"954":{"start":{"line":955,"column":0},"end":{"line":955,"column":7}},"957":{"start":{"line":958,"column":0},"end":{"line":958,"column":52}},"958":{"start":{"line":959,"column":0},"end":{"line":959,"column":40}},"959":{"start":{"line":960,"column":0},"end":{"line":960,"column":55}},"960":{"start":{"line":961,"column":0},"end":{"line":961,"column":63}},"961":{"start":{"line":962,"column":0},"end":{"line":962,"column":24}},"962":{"start":{"line":963,"column":0},"end":{"line":963,"column":14}},"963":{"start":{"line":964,"column":0},"end":{"line":964,"column":45}},"964":{"start":{"line":965,"column":0},"end":{"line":965,"column":46}},"965":{"start":{"line":966,"column":0},"end":{"line":966,"column":24}},"966":{"start":{"line":967,"column":0},"end":{"line":967,"column":7}},"967":{"start":{"line":968,"column":0},"end":{"line":968,"column":7}},"968":{"start":{"line":969,"column":0},"end":{"line":969,"column":3}},"973":{"start":{"line":974,"column":0},"end":{"line":974,"column":35}},"974":{"start":{"line":975,"column":0},"end":{"line":975,"column":63}},"977":{"start":{"line":978,"column":0},"end":{"line":978,"column":28}},"978":{"start":{"line":979,"column":0},"end":{"line":979,"column":39}},"979":{"start":{"line":980,"column":0},"end":{"line":980,"column":31}},"980":{"start":{"line":981,"column":0},"end":{"line":981,"column":51}},"981":{"start":{"line":982,"column":0},"end":{"line":982,"column":5}},"984":{"start":{"line":985,"column":0},"end":{"line":985,"column":52}},"985":{"start":{"line":986,"column":0},"end":{"line":986,"column":64}},"987":{"start":{"line":988,"column":0},"end":{"line":988,"column":41}},"988":{"start":{"line":989,"column":0},"end":{"line":989,"column":11}},"989":{"start":{"line":990,"column":0},"end":{"line":990,"column":66}},"990":{"start":{"line":991,"column":0},"end":{"line":991,"column":63}},"991":{"start":{"line":992,"column":0},"end":{"line":992,"column":23}},"992":{"start":{"line":993,"column":0},"end":{"line":993,"column":80}},"993":{"start":{"line":994,"column":0},"end":{"line":994,"column":7}},"994":{"start":{"line":995,"column":0},"end":{"line":995,"column":5}},"997":{"start":{"line":998,"column":0},"end":{"line":998,"column":23}},"998":{"start":{"line":999,"column":0},"end":{"line":999,"column":11}},"999":{"start":{"line":1000,"column":0},"end":{"line":1000,"column":45}},"1000":{"start":{"line":1001,"column":0},"end":{"line":1001,"column":45}},"1001":{"start":{"line":1002,"column":0},"end":{"line":1002,"column":23}},"1002":{"start":{"line":1003,"column":0},"end":{"line":1003,"column":60}},"1003":{"start":{"line":1004,"column":0},"end":{"line":1004,"column":7}},"1004":{"start":{"line":1005,"column":0},"end":{"line":1005,"column":26}},"1005":{"start":{"line":1006,"column":0},"end":{"line":1006,"column":5}},"1008":{"start":{"line":1009,"column":0},"end":{"line":1009,"column":29}},"1009":{"start":{"line":1010,"column":0},"end":{"line":1010,"column":44}},"1010":{"start":{"line":1011,"column":0},"end":{"line":1011,"column":40}},"1011":{"start":{"line":1012,"column":0},"end":{"line":1012,"column":44}},"1012":{"start":{"line":1013,"column":0},"end":{"line":1013,"column":20}},"1013":{"start":{"line":1014,"column":0},"end":{"line":1014,"column":11}},"1014":{"start":{"line":1015,"column":0},"end":{"line":1015,"column":9}},"1015":{"start":{"line":1016,"column":0},"end":{"line":1016,"column":5}},"1017":{"start":{"line":1018,"column":0},"end":{"line":1018,"column":65}},"1018":{"start":{"line":1019,"column":0},"end":{"line":1019,"column":3}},"1023":{"start":{"line":1024,"column":0},"end":{"line":1024,"column":22}},"1034":{"start":{"line":1035,"column":0},"end":{"line":1035,"column":5}},"1035":{"start":{"line":1036,"column":0},"end":{"line":1036,"column":45}},"1038":{"start":{"line":1039,"column":0},"end":{"line":1039,"column":24}},"1039":{"start":{"line":1040,"column":0},"end":{"line":1040,"column":15}},"1040":{"start":{"line":1041,"column":0},"end":{"line":1041,"column":22}},"1041":{"start":{"line":1042,"column":0},"end":{"line":1042,"column":19}},"1042":{"start":{"line":1043,"column":0},"end":{"line":1043,"column":39}},"1043":{"start":{"line":1044,"column":0},"end":{"line":1044,"column":41}},"1044":{"start":{"line":1045,"column":0},"end":{"line":1045,"column":43}},"1045":{"start":{"line":1046,"column":0},"end":{"line":1046,"column":28}},"1046":{"start":{"line":1047,"column":0},"end":{"line":1047,"column":50}},"1047":{"start":{"line":1048,"column":0},"end":{"line":1048,"column":9}},"1048":{"start":{"line":1049,"column":0},"end":{"line":1049,"column":8}},"1049":{"start":{"line":1050,"column":0},"end":{"line":1050,"column":5}},"1051":{"start":{"line":1052,"column":0},"end":{"line":1052,"column":12}},"1052":{"start":{"line":1053,"column":0},"end":{"line":1053,"column":19}},"1053":{"start":{"line":1054,"column":0},"end":{"line":1054,"column":40}},"1054":{"start":{"line":1055,"column":0},"end":{"line":1055,"column":58}},"1055":{"start":{"line":1056,"column":0},"end":{"line":1056,"column":17}},"1056":{"start":{"line":1057,"column":0},"end":{"line":1057,"column":37}},"1057":{"start":{"line":1058,"column":0},"end":{"line":1058,"column":39}},"1058":{"start":{"line":1059,"column":0},"end":{"line":1059,"column":41}},"1059":{"start":{"line":1060,"column":0},"end":{"line":1060,"column":26}},"1060":{"start":{"line":1061,"column":0},"end":{"line":1061,"column":48}},"1061":{"start":{"line":1062,"column":0},"end":{"line":1062,"column":7}},"1062":{"start":{"line":1063,"column":0},"end":{"line":1063,"column":6}},"1063":{"start":{"line":1064,"column":0},"end":{"line":1064,"column":3}},"1064":{"start":{"line":1065,"column":0},"end":{"line":1065,"column":1}},"1067":{"start":{"line":1068,"column":0},"end":{"line":1068,"column":30}},"1068":{"start":{"line":1069,"column":0},"end":{"line":1069,"column":47}},"1071":{"start":{"line":1072,"column":0},"end":{"line":1072,"column":32}},"1072":{"start":{"line":1073,"column":0},"end":{"line":1073,"column":28}},"1073":{"start":{"line":1074,"column":0},"end":{"line":1074,"column":20}},"1074":{"start":{"line":1075,"column":0},"end":{"line":1075,"column":4}},"1076":{"start":{"line":1077,"column":0},"end":{"line":1077,"column":34}},"1077":{"start":{"line":1078,"column":0},"end":{"line":1078,"column":33}},"1080":{"start":{"line":1081,"column":0},"end":{"line":1081,"column":46}},"1081":{"start":{"line":1082,"column":0},"end":{"line":1082,"column":47}},"1082":{"start":{"line":1083,"column":0},"end":{"line":1083,"column":48}},"1083":{"start":{"line":1084,"column":0},"end":{"line":1084,"column":15}},"1084":{"start":{"line":1085,"column":0},"end":{"line":1085,"column":5}},"1086":{"start":{"line":1087,"column":0},"end":{"line":1087,"column":57}},"1087":{"start":{"line":1088,"column":0},"end":{"line":1088,"column":49}},"1088":{"start":{"line":1089,"column":0},"end":{"line":1089,"column":73}},"1089":{"start":{"line":1090,"column":0},"end":{"line":1090,"column":15}},"1090":{"start":{"line":1091,"column":0},"end":{"line":1091,"column":5}},"1093":{"start":{"line":1094,"column":0},"end":{"line":1094,"column":33}},"1094":{"start":{"line":1095,"column":0},"end":{"line":1095,"column":71}},"1095":{"start":{"line":1096,"column":0},"end":{"line":1096,"column":72}},"1096":{"start":{"line":1097,"column":0},"end":{"line":1097,"column":20}},"1097":{"start":{"line":1098,"column":0},"end":{"line":1098,"column":5}},"1098":{"start":{"line":1099,"column":0},"end":{"line":1099,"column":1}}},"s":{"6":1,"7":1,"8":1,"9":1,"10":1,"11":1,"12":1,"13":1,"14":1,"15":1,"16":1,"17":1,"19":1,"22":1,"25":1,"26":1,"44":1,"46":1,"47":1,"48":1,"49":1,"50":1,"52":1,"53":1,"54":1,"56":1,"58":22,"62":22,"63":22,"68":1,"69":22,"70":0,"71":22,"73":22,"74":22,"75":22,"76":22,"77":22,"78":22,"83":1,"84":0,"85":0,"88":0,"89":0,"90":0,"91":0,"92":0,"93":0,"96":0,"97":0,"98":0,"100":0,"101":0,"102":0,"103":0,"104":0,"105":0,"106":0,"111":1,"112":0,"114":0,"115":0,"116":0,"117":0,"120":0,"121":0,"123":0,"124":0,"125":0,"126":0,"127":0,"132":1,"133":4,"134":4,"139":1,"140":0,"141":0,"146":1,"148":0,"149":0,"150":0,"155":1,"156":0,"157":0,"158":0,"159":0,"164":1,"165":4,"166":4,"168":4,"169":0,"170":0,"171":0,"172":0,"173":0,"175":4,"176":4,"177":4,"178":4,"179":4,"180":4,"181":4,"186":1,"188":22,"189":22,"190":22,"191":22,"194":0,"195":0,"196":0,"197":0,"198":0,"199":0,"200":0,"201":0,"202":0,"203":0,"204":0,"205":0,"207":0,"208":22,"213":1,"215":22,"217":22,"218":0,"219":0,"220":0,"221":0,"224":22,"226":22,"227":0,"228":0,"231":22,"232":22,"234":22,"235":0,"236":0,"237":0,"238":0,"239":0,"240":0,"241":0,"242":0,"244":0,"245":0,"248":0,"249":0,"250":0,"251":0,"252":0,"253":0,"254":0,"255":22,"261":1,"262":2,"265":2,"266":0,"267":0,"268":0,"271":0,"272":0,"273":0,"274":0,"275":0,"276":0,"277":0,"278":0,"279":0,"280":0,"282":0,"284":0,"286":0,"287":0,"288":0,"289":0,"290":0,"292":0,"293":0,"294":0,"295":0,"296":0,"297":0,"298":0,"299":0,"300":0,"301":0,"304":0,"306":0,"307":0,"309":0,"310":0,"311":0,"313":0,"314":0,"315":0,"316":0,"317":0,"320":0,"321":0,"322":0,"323":0,"324":0,"325":0,"328":0,"329":0,"330":0,"331":0,"332":0,"333":0,"334":0,"337":0,"338":0,"340":0,"342":0,"343":0,"344":0,"345":0,"346":0,"347":0,"348":0,"349":0,"350":0,"351":0,"352":0,"353":0,"356":0,"357":0,"360":0,"362":0,"364":0,"365":0,"366":0,"367":0,"368":0,"369":0,"371":0,"373":0,"374":0,"375":0,"376":0,"377":0,"378":0,"380":0,"381":0,"382":0,"383":0,"384":0,"385":0,"386":0,"387":0,"388":0,"389":0,"392":0,"393":0,"394":0,"395":0,"396":0,"398":0,"399":0,"401":0,"402":0,"403":0,"404":0,"405":0,"406":0,"407":0,"408":0,"409":0,"410":0,"411":0,"412":0,"413":0,"414":0,"416":0,"417":0,"418":0,"419":0,"420":0,"421":0,"422":0,"423":0,"424":0,"425":0,"426":0,"427":2,"428":2,"434":1,"436":0,"437":0,"438":0,"439":0,"440":0,"441":0,"442":0,"443":0,"445":0,"447":0,"448":0,"451":0,"453":0,"454":0,"456":0,"457":0,"461":0,"462":0,"463":0,"464":0,"465":0,"466":0,"467":0,"468":0,"470":0,"471":0,"472":0,"473":0,"474":0,"475":0,"480":1,"481":0,"482":0,"483":0,"488":1,"489":22,"492":22,"495":22,"496":22,"497":0,"498":0,"499":0,"505":22,"506":1,"507":1,"508":1,"509":1,"510":1,"511":22,"514":22,"515":1,"516":1,"517":1,"518":1,"519":1,"520":1,"522":1,"523":1,"524":1,"525":1,"526":0,"527":22,"530":22,"531":0,"532":0,"533":0,"534":0,"535":0,"536":0,"537":22,"540":22,"541":3,"542":3,"543":3,"544":3,"546":3,"547":3,"548":3,"549":3,"550":3,"551":3,"552":3,"553":3,"554":3,"555":3,"556":3,"557":3,"558":3,"559":3,"560":3,"561":3,"562":3,"563":3,"564":3,"565":3,"566":3,"567":3,"568":3,"569":22,"572":22,"573":3,"574":3,"575":3,"576":3,"577":3,"579":3,"580":3,"581":3,"582":3,"583":3,"584":3,"585":3,"586":3,"587":3,"588":3,"589":3,"590":3,"591":3,"592":3,"593":3,"594":3,"595":3,"596":3,"597":3,"598":3,"599":3,"600":3,"601":3,"602":3,"603":3,"604":3,"605":3,"606":3,"607":3,"608":22,"611":22,"612":0,"613":0,"614":0,"615":0,"616":0,"617":0,"618":0,"621":0,"622":0,"623":0,"624":0,"625":0,"626":0,"627":0,"628":0,"629":0,"630":0,"631":0,"632":0,"633":0,"634":0,"636":0,"637":0,"638":0,"640":0,"641":22,"644":22,"646":8,"647":8,"649":0,"650":0,"651":0,"652":0,"653":0,"655":0,"656":0,"659":8,"660":8,"661":0,"663":0,"665":0,"666":0,"667":0,"668":0,"669":0,"670":0,"671":0,"672":0,"673":0,"674":0,"675":0,"676":0,"677":0,"678":0,"679":0,"682":8,"683":2,"684":2,"685":2,"686":2,"687":2,"688":2,"689":2,"690":2,"691":2,"692":2,"693":2,"694":2,"697":6,"698":6,"699":6,"700":6,"701":6,"702":6,"703":6,"704":6,"705":6,"706":6,"707":6,"708":6,"709":6,"710":6,"711":6,"712":6,"713":6,"714":6,"715":6,"716":6,"717":6,"718":6,"719":6,"720":6,"721":6,"722":22,"725":22,"726":0,"728":0,"729":0,"730":0,"731":0,"732":0,"733":0,"734":0,"735":0,"736":0,"737":0,"738":0,"741":0,"742":0,"743":0,"744":0,"745":0,"746":0,"747":0,"748":0,"749":0,"750":0,"751":0,"754":0,"755":0,"756":0,"757":0,"758":0,"759":0,"760":0,"761":0,"762":0,"763":0,"764":0,"765":0,"766":0,"767":0,"768":0,"769":0,"770":0,"771":0,"772":0,"773":0,"774":0,"775":0,"776":0,"777":0,"778":0,"779":0,"780":22,"784":22,"786":5,"787":5,"788":5,"789":5,"790":5,"791":5,"792":5,"793":5,"794":5,"795":5,"796":5,"797":5,"798":5,"799":5,"800":5,"803":5,"806":5,"807":1,"808":1,"809":1,"810":1,"811":1,"812":1,"813":1,"814":1,"815":1,"816":1,"817":1,"818":1,"819":1,"820":1,"821":1,"824":5,"825":1,"826":1,"827":1,"828":1,"829":1,"830":1,"831":1,"832":1,"833":1,"834":1,"835":1,"836":1,"837":1,"838":1,"839":1,"840":1,"843":3,"846":5,"847":1,"848":1,"849":1,"850":1,"851":1,"852":1,"853":1,"854":1,"855":1,"856":1,"857":1,"858":1,"859":1,"860":1,"861":1,"864":2,"865":2,"866":5,"867":5,"868":5,"870":5,"872":2,"873":2,"874":2,"875":2,"876":2,"877":22,"880":22,"881":1,"882":1,"883":1,"884":1,"885":22,"888":22,"889":0,"891":0,"892":0,"893":0,"894":0,"895":0,"896":0,"897":0,"898":0,"899":0,"900":0,"901":0,"902":22,"904":22,"905":22,"907":22,"908":22,"909":22,"911":22,"912":22,"913":22,"914":22,"915":22,"916":22,"917":22,"918":22,"919":22,"922":22,"923":22,"925":22,"926":22,"927":22,"928":22,"929":22,"931":22,"932":0,"933":22,"934":22,"935":22,"937":22,"940":22,"941":0,"942":0,"943":0,"944":0,"945":0,"946":0,"947":0,"949":22,"950":22,"951":22,"952":0,"953":0,"954":22,"957":22,"958":0,"959":0,"960":0,"961":0,"962":0,"963":0,"964":0,"965":0,"966":0,"967":22,"968":22,"973":1,"974":25,"977":25,"978":22,"979":22,"980":22,"981":22,"984":25,"985":25,"987":25,"988":0,"989":0,"990":0,"991":0,"992":0,"993":0,"994":0,"997":25,"998":0,"999":0,"1000":0,"1001":0,"1002":0,"1003":0,"1004":0,"1005":0,"1008":25,"1009":25,"1010":25,"1011":25,"1012":25,"1013":25,"1014":25,"1015":25,"1017":25,"1018":25,"1023":1,"1034":1,"1035":1,"1038":1,"1039":1,"1040":1,"1041":1,"1042":1,"1043":1,"1044":1,"1045":1,"1046":1,"1047":1,"1048":1,"1049":1,"1051":0,"1052":0,"1053":0,"1054":0,"1055":0,"1056":0,"1057":0,"1058":0,"1059":0,"1060":0,"1061":0,"1062":0,"1063":1,"1064":1,"1067":1,"1068":0,"1071":0,"1072":0,"1073":0,"1074":0,"1076":0,"1077":0,"1080":0,"1081":0,"1082":0,"1083":0,"1084":0,"1086":0,"1087":0,"1088":0,"1089":0,"1090":0,"1093":0,"1094":0,"1095":0,"1096":0,"1097":0,"1098":0},"branchMap":{"0":{"type":"branch","line":1068,"loc":{"start":{"line":1068,"column":29},"end":{"line":1099,"column":1}},"locations":[{"start":{"line":1068,"column":29},"end":{"line":1099,"column":1}}]},"1":{"type":"branch","line":57,"loc":{"start":{"line":57,"column":2},"end":{"line":64,"column":3}},"locations":[{"start":{"line":57,"column":2},"end":{"line":64,"column":3}}]},"2":{"type":"branch","line":69,"loc":{"start":{"line":69,"column":10},"end":{"line":79,"column":3}},"locations":[{"start":{"line":69,"column":10},"end":{"line":79,"column":3}}]},"3":{"type":"branch","line":133,"loc":{"start":{"line":133,"column":10},"end":{"line":135,"column":3}},"locations":[{"start":{"line":133,"column":10},"end":{"line":135,"column":3}}]},"4":{"type":"branch","line":165,"loc":{"start":{"line":165,"column":10},"end":{"line":182,"column":3}},"locations":[{"start":{"line":165,"column":10},"end":{"line":182,"column":3}}]},"5":{"type":"branch","line":169,"loc":{"start":{"line":169,"column":50},"end":{"line":174,"column":5}},"locations":[{"start":{"line":169,"column":50},"end":{"line":174,"column":5}}]},"6":{"type":"branch","line":187,"loc":{"start":{"line":187,"column":10},"end":{"line":209,"column":3}},"locations":[{"start":{"line":187,"column":10},"end":{"line":209,"column":3}}]},"7":{"type":"branch","line":192,"loc":{"start":{"line":192,"column":4},"end":{"line":208,"column":16}},"locations":[{"start":{"line":192,"column":4},"end":{"line":208,"column":16}}]},"8":{"type":"branch","line":214,"loc":{"start":{"line":214,"column":10},"end":{"line":256,"column":3}},"locations":[{"start":{"line":214,"column":10},"end":{"line":256,"column":3}}]},"9":{"type":"branch","line":218,"loc":{"start":{"line":218,"column":57},"end":{"line":222,"column":5}},"locations":[{"start":{"line":218,"column":57},"end":{"line":222,"column":5}}]},"10":{"type":"branch","line":227,"loc":{"start":{"line":227,"column":36},"end":{"line":229,"column":5}},"locations":[{"start":{"line":227,"column":36},"end":{"line":229,"column":5}}]},"11":{"type":"branch","line":235,"loc":{"start":{"line":235,"column":24},"end":{"line":255,"column":5}},"locations":[{"start":{"line":235,"column":24},"end":{"line":255,"column":5}}]},"12":{"type":"branch","line":262,"loc":{"start":{"line":262,"column":2},"end":{"line":429,"column":3}},"locations":[{"start":{"line":262,"column":2},"end":{"line":429,"column":3}}]},"13":{"type":"branch","line":489,"loc":{"start":{"line":489,"column":2},"end":{"line":969,"column":3}},"locations":[{"start":{"line":489,"column":2},"end":{"line":969,"column":3}}]},"14":{"type":"branch","line":496,"loc":{"start":{"line":496,"column":35},"end":{"line":496,"column":83}},"locations":[{"start":{"line":496,"column":35},"end":{"line":496,"column":83}}]},"15":{"type":"branch","line":497,"loc":{"start":{"line":497,"column":24},"end":{"line":500,"column":5}},"locations":[{"start":{"line":497,"column":24},"end":{"line":500,"column":5}}]},"16":{"type":"branch","line":905,"loc":{"start":{"line":905,"column":38},"end":{"line":905,"column":52}},"locations":[{"start":{"line":905,"column":38},"end":{"line":905,"column":52}}]},"17":{"type":"branch","line":906,"loc":{"start":{"line":906,"column":29},"end":{"line":906,"column":47}},"locations":[{"start":{"line":906,"column":29},"end":{"line":906,"column":47}}]},"18":{"type":"branch","line":506,"loc":{"start":{"line":506,"column":12},"end":{"line":512,"column":5}},"locations":[{"start":{"line":506,"column":12},"end":{"line":512,"column":5}}]},"19":{"type":"branch","line":515,"loc":{"start":{"line":515,"column":12},"end":{"line":528,"column":5}},"locations":[{"start":{"line":515,"column":12},"end":{"line":528,"column":5}}]},"20":{"type":"branch","line":516,"loc":{"start":{"line":516,"column":40},"end":{"line":516,"column":59}},"locations":[{"start":{"line":516,"column":40},"end":{"line":516,"column":59}}]},"21":{"type":"branch","line":526,"loc":{"start":{"line":526,"column":6},"end":{"line":527,"column":13}},"locations":[{"start":{"line":526,"column":6},"end":{"line":527,"column":13}}]},"22":{"type":"branch","line":541,"loc":{"start":{"line":541,"column":17},"end":{"line":570,"column":5}},"locations":[{"start":{"line":541,"column":17},"end":{"line":570,"column":5}}]},"23":{"type":"branch","line":542,"loc":{"start":{"line":542,"column":40},"end":{"line":542,"column":54}},"locations":[{"start":{"line":542,"column":40},"end":{"line":542,"column":54}}]},"24":{"type":"branch","line":543,"loc":{"start":{"line":543,"column":31},"end":{"line":543,"column":49}},"locations":[{"start":{"line":543,"column":31},"end":{"line":543,"column":49}}]},"25":{"type":"branch","line":573,"loc":{"start":{"line":573,"column":23},"end":{"line":609,"column":5}},"locations":[{"start":{"line":573,"column":23},"end":{"line":609,"column":5}}]},"26":{"type":"branch","line":584,"loc":{"start":{"line":584,"column":21},"end":{"line":584,"column":59}},"locations":[{"start":{"line":584,"column":21},"end":{"line":584,"column":59}}]},"27":{"type":"branch","line":597,"loc":{"start":{"line":597,"column":39},"end":{"line":597,"column":50}},"locations":[{"start":{"line":597,"column":39},"end":{"line":597,"column":50}}]},"28":{"type":"branch","line":645,"loc":{"start":{"line":645,"column":20},"end":{"line":723,"column":5}},"locations":[{"start":{"line":645,"column":20},"end":{"line":723,"column":5}}]},"29":{"type":"branch","line":648,"loc":{"start":{"line":648,"column":10},"end":{"line":648,"column":51}},"locations":[{"start":{"line":648,"column":10},"end":{"line":648,"column":51}}]},"30":{"type":"branch","line":648,"loc":{"start":{"line":648,"column":51},"end":{"line":657,"column":7}},"locations":[{"start":{"line":648,"column":51},"end":{"line":657,"column":7}}]},"31":{"type":"branch","line":661,"loc":{"start":{"line":661,"column":10},"end":{"line":661,"column":58}},"locations":[{"start":{"line":661,"column":10},"end":{"line":661,"column":58}}]},"32":{"type":"branch","line":661,"loc":{"start":{"line":661,"column":58},"end":{"line":680,"column":7}},"locations":[{"start":{"line":661,"column":58},"end":{"line":680,"column":7}}]},"33":{"type":"branch","line":683,"loc":{"start":{"line":683,"column":43},"end":{"line":695,"column":7}},"locations":[{"start":{"line":683,"column":43},"end":{"line":695,"column":7}}]},"34":{"type":"branch","line":695,"loc":{"start":{"line":695,"column":6},"end":{"line":722,"column":9}},"locations":[{"start":{"line":695,"column":6},"end":{"line":722,"column":9}}]},"35":{"type":"branch","line":785,"loc":{"start":{"line":785,"column":33},"end":{"line":878,"column":5}},"locations":[{"start":{"line":785,"column":33},"end":{"line":878,"column":5}}]},"36":{"type":"branch","line":793,"loc":{"start":{"line":793,"column":64},"end":{"line":793,"column":80}},"locations":[{"start":{"line":793,"column":64},"end":{"line":793,"column":80}}]},"37":{"type":"branch","line":807,"loc":{"start":{"line":807,"column":23},"end":{"line":822,"column":7}},"locations":[{"start":{"line":807,"column":23},"end":{"line":822,"column":7}}]},"38":{"type":"branch","line":822,"loc":{"start":{"line":822,"column":6},"end":{"line":825,"column":45}},"locations":[{"start":{"line":822,"column":6},"end":{"line":825,"column":45}}]},"39":{"type":"branch","line":825,"loc":{"start":{"line":825,"column":45},"end":{"line":841,"column":7}},"locations":[{"start":{"line":825,"column":45},"end":{"line":841,"column":7}}]},"40":{"type":"branch","line":841,"loc":{"start":{"line":841,"column":6},"end":{"line":847,"column":36}},"locations":[{"start":{"line":841,"column":6},"end":{"line":847,"column":36}}]},"41":{"type":"branch","line":847,"loc":{"start":{"line":847,"column":36},"end":{"line":862,"column":7}},"locations":[{"start":{"line":847,"column":36},"end":{"line":862,"column":7}}]},"42":{"type":"branch","line":862,"loc":{"start":{"line":862,"column":6},"end":{"line":867,"column":35}},"locations":[{"start":{"line":862,"column":6},"end":{"line":867,"column":35}}]},"43":{"type":"branch","line":867,"loc":{"start":{"line":867,"column":26},"end":{"line":867,"column":43}},"locations":[{"start":{"line":867,"column":26},"end":{"line":867,"column":43}}]},"44":{"type":"branch","line":867,"loc":{"start":{"line":867,"column":35},"end":{"line":867,"column":51}},"locations":[{"start":{"line":867,"column":35},"end":{"line":867,"column":51}}]},"45":{"type":"branch","line":867,"loc":{"start":{"line":867,"column":43},"end":{"line":867,"column":68}},"locations":[{"start":{"line":867,"column":43},"end":{"line":867,"column":68}}]},"46":{"type":"branch","line":868,"loc":{"start":{"line":868,"column":33},"end":{"line":868,"column":53}},"locations":[{"start":{"line":868,"column":33},"end":{"line":868,"column":53}}]},"47":{"type":"branch","line":871,"loc":{"start":{"line":871,"column":39},"end":{"line":877,"column":9}},"locations":[{"start":{"line":871,"column":39},"end":{"line":877,"column":9}}]},"48":{"type":"branch","line":881,"loc":{"start":{"line":881,"column":12},"end":{"line":886,"column":5}},"locations":[{"start":{"line":881,"column":12},"end":{"line":886,"column":5}}]},"49":{"type":"branch","line":908,"loc":{"start":{"line":908,"column":48},"end":{"line":955,"column":5}},"locations":[{"start":{"line":908,"column":48},"end":{"line":955,"column":5}}]},"50":{"type":"branch","line":915,"loc":{"start":{"line":915,"column":21},"end":{"line":915,"column":59}},"locations":[{"start":{"line":915,"column":21},"end":{"line":915,"column":59}}]},"51":{"type":"branch","line":927,"loc":{"start":{"line":927,"column":34},"end":{"line":927,"column":71}},"locations":[{"start":{"line":927,"column":34},"end":{"line":927,"column":71}}]},"52":{"type":"branch","line":932,"loc":{"start":{"line":932,"column":24},"end":{"line":934,"column":13}},"locations":[{"start":{"line":932,"column":24},"end":{"line":934,"column":13}}]},"53":{"type":"branch","line":941,"loc":{"start":{"line":941,"column":10},"end":{"line":941,"column":43}},"locations":[{"start":{"line":941,"column":10},"end":{"line":941,"column":43}}]},"54":{"type":"branch","line":941,"loc":{"start":{"line":941,"column":43},"end":{"line":948,"column":7}},"locations":[{"start":{"line":941,"column":43},"end":{"line":948,"column":7}}]},"55":{"type":"branch","line":950,"loc":{"start":{"line":950,"column":22},"end":{"line":950,"column":58}},"locations":[{"start":{"line":950,"column":22},"end":{"line":950,"column":58}}]},"56":{"type":"branch","line":952,"loc":{"start":{"line":952,"column":6},"end":{"line":954,"column":7}},"locations":[{"start":{"line":952,"column":6},"end":{"line":954,"column":7}}]},"57":{"type":"branch","line":974,"loc":{"start":{"line":974,"column":2},"end":{"line":1019,"column":3}},"locations":[{"start":{"line":974,"column":2},"end":{"line":1019,"column":3}}]},"58":{"type":"branch","line":978,"loc":{"start":{"line":978,"column":27},"end":{"line":982,"column":5}},"locations":[{"start":{"line":978,"column":27},"end":{"line":982,"column":5}}]},"59":{"type":"branch","line":988,"loc":{"start":{"line":988,"column":40},"end":{"line":995,"column":5}},"locations":[{"start":{"line":988,"column":40},"end":{"line":995,"column":5}}]},"60":{"type":"branch","line":998,"loc":{"start":{"line":998,"column":22},"end":{"line":1006,"column":5}},"locations":[{"start":{"line":998,"column":22},"end":{"line":1006,"column":5}}]},"61":{"type":"branch","line":1010,"loc":{"start":{"line":1010,"column":30},"end":{"line":1015,"column":7}},"locations":[{"start":{"line":1010,"column":30},"end":{"line":1015,"column":7}}]},"62":{"type":"branch","line":1011,"loc":{"start":{"line":1011,"column":33},"end":{"line":1014,"column":9}},"locations":[{"start":{"line":1011,"column":33},"end":{"line":1014,"column":9}}]},"63":{"type":"branch","line":1024,"loc":{"start":{"line":1024,"column":2},"end":{"line":1064,"column":3}},"locations":[{"start":{"line":1024,"column":2},"end":{"line":1064,"column":3}}]},"64":{"type":"branch","line":1050,"loc":{"start":{"line":1050,"column":4},"end":{"line":1063,"column":6}},"locations":[{"start":{"line":1050,"column":4},"end":{"line":1063,"column":6}}]}},"b":{"0":[0],"1":[22],"2":[22],"3":[4],"4":[4],"5":[0],"6":[22],"7":[0],"8":[22],"9":[0],"10":[0],"11":[0],"12":[2],"13":[22],"14":[0],"15":[0],"16":[0],"17":[0],"18":[1],"19":[1],"20":[0],"21":[0],"22":[3],"23":[0],"24":[0],"25":[3],"26":[0],"27":[0],"28":[8],"29":[0],"30":[0],"31":[0],"32":[0],"33":[2],"34":[6],"35":[5],"36":[0],"37":[1],"38":[4],"39":[1],"40":[3],"41":[1],"42":[2],"43":[0],"44":[0],"45":[2],"46":[0],"47":[2],"48":[1],"49":[22],"50":[0],"51":[0],"52":[0],"53":[0],"54":[0],"55":[0],"56":[0],"57":[25],"58":[22],"59":[0],"60":[0],"61":[25],"62":[25],"63":[1],"64":[0]},"fnMap":{"0":{"name":"SingleSessionHTTPServer","decl":{"start":{"line":57,"column":2},"end":{"line":64,"column":3}},"loc":{"start":{"line":57,"column":2},"end":{"line":64,"column":3}},"line":57},"1":{"name":"startSessionCleanup","decl":{"start":{"line":69,"column":10},"end":{"line":79,"column":3}},"loc":{"start":{"line":69,"column":10},"end":{"line":79,"column":3}},"line":69},"2":{"name":"cleanupExpiredSessions","decl":{"start":{"line":84,"column":10},"end":{"line":107,"column":3}},"loc":{"start":{"line":84,"column":10},"end":{"line":107,"column":3}},"line":84},"3":{"name":"removeSession","decl":{"start":{"line":112,"column":2},"end":{"line":128,"column":3}},"loc":{"start":{"line":112,"column":2},"end":{"line":128,"column":3}},"line":112},"4":{"name":"getActiveSessionCount","decl":{"start":{"line":133,"column":10},"end":{"line":135,"column":3}},"loc":{"start":{"line":133,"column":10},"end":{"line":135,"column":3}},"line":133},"5":{"name":"canCreateSession","decl":{"start":{"line":140,"column":10},"end":{"line":142,"column":3}},"loc":{"start":{"line":140,"column":10},"end":{"line":142,"column":3}},"line":140},"6":{"name":"isValidSessionId","decl":{"start":{"line":147,"column":10},"end":{"line":151,"column":3}},"loc":{"start":{"line":147,"column":10},"end":{"line":151,"column":3}},"line":147},"7":{"name":"updateSessionAccess","decl":{"start":{"line":156,"column":10},"end":{"line":160,"column":3}},"loc":{"start":{"line":156,"column":10},"end":{"line":160,"column":3}},"line":156},"8":{"name":"getSessionMetrics","decl":{"start":{"line":165,"column":10},"end":{"line":182,"column":3}},"loc":{"start":{"line":165,"column":10},"end":{"line":182,"column":3}},"line":165},"9":{"name":"loadAuthToken","decl":{"start":{"line":187,"column":10},"end":{"line":209,"column":3}},"loc":{"start":{"line":187,"column":10},"end":{"line":209,"column":3}},"line":187},"10":{"name":"validateEnvironment","decl":{"start":{"line":214,"column":10},"end":{"line":256,"column":3}},"loc":{"start":{"line":214,"column":10},"end":{"line":256,"column":3}},"line":214},"11":{"name":"handleRequest","decl":{"start":{"line":262,"column":2},"end":{"line":429,"column":3}},"loc":{"start":{"line":262,"column":2},"end":{"line":429,"column":3}},"line":262},"12":{"name":"resetSessionSSE","decl":{"start":{"line":435,"column":2},"end":{"line":476,"column":3}},"loc":{"start":{"line":435,"column":2},"end":{"line":476,"column":3}},"line":435},"13":{"name":"isExpired","decl":{"start":{"line":481,"column":10},"end":{"line":484,"column":3}},"loc":{"start":{"line":481,"column":10},"end":{"line":484,"column":3}},"line":481},"14":{"name":"start","decl":{"start":{"line":489,"column":2},"end":{"line":969,"column":3}},"loc":{"start":{"line":489,"column":2},"end":{"line":969,"column":3}},"line":489},"15":{"name":"shutdown","decl":{"start":{"line":974,"column":2},"end":{"line":1019,"column":3}},"loc":{"start":{"line":974,"column":2},"end":{"line":1019,"column":3}},"line":974},"16":{"name":"getSessionInfo","decl":{"start":{"line":1024,"column":2},"end":{"line":1064,"column":3}},"loc":{"start":{"line":1024,"column":2},"end":{"line":1064,"column":3}},"line":1024},"17":{"name":"shutdown","decl":{"start":{"line":1072,"column":19},"end":{"line":1075,"column":4}},"loc":{"start":{"line":1072,"column":19},"end":{"line":1075,"column":4}},"line":1072}},"f":{"0":22,"1":22,"2":0,"3":0,"4":4,"5":0,"6":0,"7":0,"8":4,"9":22,"10":22,"11":2,"12":0,"13":0,"14":22,"15":25,"16":1,"17":0}}}}
 % Coverage report from v8

=============================== Coverage summary ===============================
Statements   : 46.72% ( 378/809 )
Branches     : 47.69% ( 31/65 )
Functions    : 55.55% ( 10/18 )
Lines        : 46.72% ( 378/809 )
================================================================================
